<?xml version="1.0" encoding="UTF-8"?>
<!-- Generated by org.testng.reporters.JUnitReportReporter -->
<testsuite hostname="WINCTRL-OVVSTUP" failures="0" tests="1" name="TESTpkg.Gowntestclass" time="26.382" errors="0" timestamp="2024-06-07T09:01:24 IST" skipped="0">
  <testcase classname="TESTpkg.Gowntestclass" name="hiringtest" time="26.382"/>
</testsuite> <!-- TESTpkg.Gowntestclass -->
